<?xml version="1.0" encoding="UTF-8"?>
<!-- Generated by org.testng.reporters.JUnitXMLReporter -->
<testsuite hostname="DESKTOP-6G7BUL3" name="Default test" tests="8" failures="0" timestamp="30 Apr 2017 15:54:15 GMT" time="10.848" errors="0">
  <testcase name="f" time="0.372" classname="play_and_learn.Testcourse"/>
  <testcase name="f" time="0.035" classname="play_and_learn.Testcourse"/>
  <testcase name="f" time="0.031" classname="play_and_learn.Testcourse"/>
  <testcase name="f" time="0.023" classname="play_and_learn.Testcourse"/>
  <testcase name="f1" time="0.061" classname="play_and_learn.Testcourse"/>
  <testcase name="f1" time="0.019" classname="play_and_learn.Testcourse"/>
  <testcase name="f1" time="0.013" classname="play_and_learn.Testcourse"/>
  <testcase name="f1" time="0.027" classname="play_and_learn.Testcourse"/>
</testsuite> <!-- Default test -->
