<?xml version="1.0" encoding="UTF-8"?>
<!-- Generated by org.testng.reporters.JUnitXMLReporter -->
<testsuite hostname="DESKTOP-6G7BUL3" name="Default test" tests="14" failures="0" timestamp="30 Apr 2017 21:55:59 GMT" time="10.292" errors="0">
  <testcase name="f" time="0.366" classname="play_and_learn.TestAccount"/>
  <testcase name="f" time="0.035" classname="play_and_learn.TestAccount"/>
  <testcase name="f" time="0.025" classname="play_and_learn.TestAccount"/>
  <testcase name="f" time="0.044" classname="play_and_learn.TestAccount"/>
  <testcase name="f1" time="0.093" classname="play_and_learn.TestAccount"/>
  <testcase name="f1" time="0.032" classname="play_and_learn.TestAccount"/>
  <testcase name="f1" time="0.026" classname="play_and_learn.TestAccount"/>
  <testcase name="f1" time="0.026" classname="play_and_learn.TestAccount"/>
  <testcase name="f2" time="0.004" classname="play_and_learn.TestAccount"/>
  <testcase name="f2" time="0.007" classname="play_and_learn.TestAccount"/>
  <testcase name="f2" time="0.005" classname="play_and_learn.TestAccount"/>
  <testcase name="f2" time="0.005" classname="play_and_learn.TestAccount"/>
  <testcase name="f2" time="0.005" classname="play_and_learn.TestAccount"/>
  <testcase name="f2" time="0.004" classname="play_and_learn.TestAccount"/>
</testsuite> <!-- Default test -->
