<?xml version="1.0" encoding="UTF-8"?>
<testng-results skipped="0" failed="0" total="14" passed="14">
  <reporter-output>
  </reporter-output>
  <suite name="Default suite" duration-ms="12099" started-at="2017-05-20T15:23:47Z" finished-at="2017-05-20T15:23:59Z">
    <groups>
    </groups>
    <test name="Default test" duration-ms="12099" started-at="2017-05-20T15:23:47Z" finished-at="2017-05-20T15:23:59Z">
      <class name="play_and_learn.TestAccount">
        <test-method status="PASS" signature="springTestContextBeforeTestClass()[pri:0, instance:play_and_learn.TestAccount@d4342c2]" name="springTestContextBeforeTestClass" is-config="true" duration-ms="12" started-at="2017-05-20T15:23:47Z" finished-at="2017-05-20T15:23:47Z">
        </test-method> <!-- springTestContextBeforeTestClass -->
        <test-method status="PASS" signature="springTestContextPrepareTestInstance()[pri:0, instance:play_and_learn.TestAccount@d4342c2]" name="springTestContextPrepareTestInstance" is-config="true" duration-ms="10912" started-at="2017-05-20T15:23:47Z" depends-on-methods="org.springframework.test.context.testng.AbstractTestNGSpringContextTests.springTestContextBeforeTestClass" finished-at="2017-05-20T15:23:58Z">
        </test-method> <!-- springTestContextPrepareTestInstance -->
        <test-method status="PASS" signature="springTestContextBeforeTestMethod(java.lang.reflect.Method)[pri:0, instance:play_and_learn.TestAccount@d4342c2]" name="springTestContextBeforeTestMethod" is-config="true" duration-ms="1" started-at="2017-05-20T15:23:58Z" finished-at="2017-05-20T15:23:58Z">
          <params>
            <param index="0">
              <value>
                <![CDATA[public void play_and_learn.TestAccount.f(java.lang.String,java.lang.String)]]>
              </value>
            </param>
          </params>
        </test-method> <!-- springTestContextBeforeTestMethod -->
        <test-method status="PASS" signature="f(java.lang.String, java.lang.String)[pri:0, instance:play_and_learn.TestAccount@d4342c2]" name="f" duration-ms="327" started-at="2017-05-20T15:23:58Z" finished-at="2017-05-20T15:23:58Z">
          <params>
            <param index="0">
              <value>
                <![CDATA[ahmed]]>
              </value>
            </param>
            <param index="1">
              <value>
                <![CDATA[12345]]>
              </value>
            </param>
          </params>
        </test-method> <!-- f -->
        <test-method status="PASS" signature="springTestContextAfterTestMethod(java.lang.reflect.Method)[pri:0, instance:play_and_learn.TestAccount@d4342c2]" name="springTestContextAfterTestMethod" is-config="true" duration-ms="0" started-at="2017-05-20T15:23:58Z" finished-at="2017-05-20T15:23:58Z">
          <params>
            <param index="0">
              <value>
                <![CDATA[public void play_and_learn.TestAccount.f(java.lang.String,java.lang.String)]]>
              </value>
            </param>
          </params>
        </test-method> <!-- springTestContextAfterTestMethod -->
        <test-method status="PASS" signature="f(java.lang.String, java.lang.String)[pri:0, instance:play_and_learn.TestAccount@d4342c2]" name="f" duration-ms="26" started-at="2017-05-20T15:23:58Z" finished-at="2017-05-20T15:23:58Z">
          <params>
            <param index="0">
              <value>
                <![CDATA[Mohammed]]>
              </value>
            </param>
            <param index="1">
              <value>
                <![CDATA[23443]]>
              </value>
            </param>
          </params>
        </test-method> <!-- f -->
        <test-method status="PASS" signature="springTestContextBeforeTestMethod(java.lang.reflect.Method)[pri:0, instance:play_and_learn.TestAccount@d4342c2]" name="springTestContextBeforeTestMethod" is-config="true" duration-ms="0" started-at="2017-05-20T15:23:58Z" finished-at="2017-05-20T15:23:58Z">
          <params>
            <param index="0">
              <value>
                <![CDATA[public void play_and_learn.TestAccount.f(java.lang.String,java.lang.String)]]>
              </value>
            </param>
          </params>
        </test-method> <!-- springTestContextBeforeTestMethod -->
        <test-method status="PASS" signature="springTestContextAfterTestMethod(java.lang.reflect.Method)[pri:0, instance:play_and_learn.TestAccount@d4342c2]" name="springTestContextAfterTestMethod" is-config="true" duration-ms="0" started-at="2017-05-20T15:23:58Z" finished-at="2017-05-20T15:23:58Z">
          <params>
            <param index="0">
              <value>
                <![CDATA[public void play_and_learn.TestAccount.f(java.lang.String,java.lang.String)]]>
              </value>
            </param>
          </params>
        </test-method> <!-- springTestContextAfterTestMethod -->
        <test-method status="PASS" signature="springTestContextBeforeTestMethod(java.lang.reflect.Method)[pri:0, instance:play_and_learn.TestAccount@d4342c2]" name="springTestContextBeforeTestMethod" is-config="true" duration-ms="1" started-at="2017-05-20T15:23:58Z" finished-at="2017-05-20T15:23:58Z">
          <params>
            <param index="0">
              <value>
                <![CDATA[public void play_and_learn.TestAccount.f(java.lang.String,java.lang.String)]]>
              </value>
            </param>
          </params>
        </test-method> <!-- springTestContextBeforeTestMethod -->
        <test-method status="PASS" signature="f(java.lang.String, java.lang.String)[pri:0, instance:play_and_learn.TestAccount@d4342c2]" name="f" duration-ms="32" started-at="2017-05-20T15:23:58Z" finished-at="2017-05-20T15:23:58Z">
          <params>
            <param index="0">
              <value>
                <![CDATA[ziad]]>
              </value>
            </param>
            <param index="1">
              <value>
                <![CDATA[146fg]]>
              </value>
            </param>
          </params>
        </test-method> <!-- f -->
        <test-method status="PASS" signature="springTestContextBeforeTestMethod(java.lang.reflect.Method)[pri:0, instance:play_and_learn.TestAccount@d4342c2]" name="springTestContextBeforeTestMethod" is-config="true" duration-ms="1" started-at="2017-05-20T15:23:58Z" finished-at="2017-05-20T15:23:58Z">
          <params>
            <param index="0">
              <value>
                <![CDATA[public void play_and_learn.TestAccount.f(java.lang.String,java.lang.String)]]>
              </value>
            </param>
          </params>
        </test-method> <!-- springTestContextBeforeTestMethod -->
        <test-method status="PASS" signature="springTestContextAfterTestMethod(java.lang.reflect.Method)[pri:0, instance:play_and_learn.TestAccount@d4342c2]" name="springTestContextAfterTestMethod" is-config="true" duration-ms="0" started-at="2017-05-20T15:23:58Z" finished-at="2017-05-20T15:23:58Z">
          <params>
            <param index="0">
              <value>
                <![CDATA[public void play_and_learn.TestAccount.f(java.lang.String,java.lang.String)]]>
              </value>
            </param>
          </params>
        </test-method> <!-- springTestContextAfterTestMethod -->
        <test-method status="PASS" signature="f(java.lang.String, java.lang.String)[pri:0, instance:play_and_learn.TestAccount@d4342c2]" name="f" duration-ms="24" started-at="2017-05-20T15:23:58Z" finished-at="2017-05-20T15:23:58Z">
          <params>
            <param index="0">
              <value>
                <![CDATA[yasser]]>
              </value>
            </param>
            <param index="1">
              <value>
                <![CDATA[XxX58]]>
              </value>
            </param>
          </params>
        </test-method> <!-- f -->
        <test-method status="PASS" signature="springTestContextAfterTestMethod(java.lang.reflect.Method)[pri:0, instance:play_and_learn.TestAccount@d4342c2]" name="springTestContextAfterTestMethod" is-config="true" duration-ms="1" started-at="2017-05-20T15:23:58Z" finished-at="2017-05-20T15:23:58Z">
          <params>
            <param index="0">
              <value>
                <![CDATA[public void play_and_learn.TestAccount.f(java.lang.String,java.lang.String)]]>
              </value>
            </param>
          </params>
        </test-method> <!-- springTestContextAfterTestMethod -->
        <test-method status="PASS" signature="springTestContextBeforeTestMethod(java.lang.reflect.Method)[pri:0, instance:play_and_learn.TestAccount@d4342c2]" name="springTestContextBeforeTestMethod" is-config="true" duration-ms="2" started-at="2017-05-20T15:23:58Z" finished-at="2017-05-20T15:23:58Z">
          <params>
            <param index="0">
              <value>
                <![CDATA[public void play_and_learn.TestAccount.f1(java.lang.String,java.lang.String)]]>
              </value>
            </param>
          </params>
        </test-method> <!-- springTestContextBeforeTestMethod -->
        <test-method status="PASS" signature="f1(java.lang.String, java.lang.String)[pri:0, instance:play_and_learn.TestAccount@d4342c2]" name="f1" duration-ms="122" started-at="2017-05-20T15:23:58Z" finished-at="2017-05-20T15:23:58Z">
          <params>
            <param index="0">
              <value>
                <![CDATA[tony]]>
              </value>
            </param>
            <param index="1">
              <value>
                <![CDATA[12345]]>
              </value>
            </param>
          </params>
        </test-method> <!-- f1 -->
        <test-method status="PASS" signature="springTestContextAfterTestMethod(java.lang.reflect.Method)[pri:0, instance:play_and_learn.TestAccount@d4342c2]" name="springTestContextAfterTestMethod" is-config="true" duration-ms="1" started-at="2017-05-20T15:23:58Z" finished-at="2017-05-20T15:23:58Z">
          <params>
            <param index="0">
              <value>
                <![CDATA[public void play_and_learn.TestAccount.f1(java.lang.String,java.lang.String)]]>
              </value>
            </param>
          </params>
        </test-method> <!-- springTestContextAfterTestMethod -->
        <test-method status="PASS" signature="springTestContextBeforeTestMethod(java.lang.reflect.Method)[pri:0, instance:play_and_learn.TestAccount@d4342c2]" name="springTestContextBeforeTestMethod" is-config="true" duration-ms="0" started-at="2017-05-20T15:23:58Z" finished-at="2017-05-20T15:23:58Z">
          <params>
            <param index="0">
              <value>
                <![CDATA[public void play_and_learn.TestAccount.f1(java.lang.String,java.lang.String)]]>
              </value>
            </param>
          </params>
        </test-method> <!-- springTestContextBeforeTestMethod -->
        <test-method status="PASS" signature="f1(java.lang.String, java.lang.String)[pri:0, instance:play_and_learn.TestAccount@d4342c2]" name="f1" duration-ms="25" started-at="2017-05-20T15:23:58Z" finished-at="2017-05-20T15:23:58Z">
          <params>
            <param index="0">
              <value>
                <![CDATA[marko]]>
              </value>
            </param>
            <param index="1">
              <value>
                <![CDATA[23443]]>
              </value>
            </param>
          </params>
        </test-method> <!-- f1 -->
        <test-method status="PASS" signature="springTestContextBeforeTestMethod(java.lang.reflect.Method)[pri:0, instance:play_and_learn.TestAccount@d4342c2]" name="springTestContextBeforeTestMethod" is-config="true" duration-ms="1" started-at="2017-05-20T15:23:58Z" finished-at="2017-05-20T15:23:58Z">
          <params>
            <param index="0">
              <value>
                <![CDATA[public void play_and_learn.TestAccount.f1(java.lang.String,java.lang.String)]]>
              </value>
            </param>
          </params>
        </test-method> <!-- springTestContextBeforeTestMethod -->
        <test-method status="PASS" signature="springTestContextAfterTestMethod(java.lang.reflect.Method)[pri:0, instance:play_and_learn.TestAccount@d4342c2]" name="springTestContextAfterTestMethod" is-config="true" duration-ms="0" started-at="2017-05-20T15:23:58Z" finished-at="2017-05-20T15:23:58Z">
          <params>
            <param index="0">
              <value>
                <![CDATA[public void play_and_learn.TestAccount.f1(java.lang.String,java.lang.String)]]>
              </value>
            </param>
          </params>
        </test-method> <!-- springTestContextAfterTestMethod -->
        <test-method status="PASS" signature="f1(java.lang.String, java.lang.String)[pri:0, instance:play_and_learn.TestAccount@d4342c2]" name="f1" duration-ms="43" started-at="2017-05-20T15:23:58Z" finished-at="2017-05-20T15:23:58Z">
          <params>
            <param index="0">
              <value>
                <![CDATA[henry]]>
              </value>
            </param>
            <param index="1">
              <value>
                <![CDATA[146fg]]>
              </value>
            </param>
          </params>
        </test-method> <!-- f1 -->
        <test-method status="PASS" signature="springTestContextAfterTestMethod(java.lang.reflect.Method)[pri:0, instance:play_and_learn.TestAccount@d4342c2]" name="springTestContextAfterTestMethod" is-config="true" duration-ms="2" started-at="2017-05-20T15:23:58Z" finished-at="2017-05-20T15:23:58Z">
          <params>
            <param index="0">
              <value>
                <![CDATA[public void play_and_learn.TestAccount.f1(java.lang.String,java.lang.String)]]>
              </value>
            </param>
          </params>
        </test-method> <!-- springTestContextAfterTestMethod -->
        <test-method status="PASS" signature="springTestContextBeforeTestMethod(java.lang.reflect.Method)[pri:0, instance:play_and_learn.TestAccount@d4342c2]" name="springTestContextBeforeTestMethod" is-config="true" duration-ms="1" started-at="2017-05-20T15:23:58Z" finished-at="2017-05-20T15:23:58Z">
          <params>
            <param index="0">
              <value>
                <![CDATA[public void play_and_learn.TestAccount.f1(java.lang.String,java.lang.String)]]>
              </value>
            </param>
          </params>
        </test-method> <!-- springTestContextBeforeTestMethod -->
        <test-method status="PASS" signature="f1(java.lang.String, java.lang.String)[pri:0, instance:play_and_learn.TestAccount@d4342c2]" name="f1" duration-ms="24" started-at="2017-05-20T15:23:58Z" finished-at="2017-05-20T15:23:58Z">
          <params>
            <param index="0">
              <value>
                <![CDATA[lolo]]>
              </value>
            </param>
            <param index="1">
              <value>
                <![CDATA[XxX58]]>
              </value>
            </param>
          </params>
        </test-method> <!-- f1 -->
        <test-method status="PASS" signature="springTestContextAfterTestMethod(java.lang.reflect.Method)[pri:0, instance:play_and_learn.TestAccount@d4342c2]" name="springTestContextAfterTestMethod" is-config="true" duration-ms="0" started-at="2017-05-20T15:23:58Z" finished-at="2017-05-20T15:23:58Z">
          <params>
            <param index="0">
              <value>
                <![CDATA[public void play_and_learn.TestAccount.f1(java.lang.String,java.lang.String)]]>
              </value>
            </param>
          </params>
        </test-method> <!-- springTestContextAfterTestMethod -->
        <test-method status="PASS" signature="f2(boolean, java.lang.String, java.lang.String)[pri:0, instance:play_and_learn.TestAccount@d4342c2]" name="f2" duration-ms="9" started-at="2017-05-20T15:23:58Z" finished-at="2017-05-20T15:23:58Z">
          <params>
            <param index="0">
              <value>
                <![CDATA[true]]>
              </value>
            </param>
            <param index="1">
              <value>
                <![CDATA[tony]]>
              </value>
            </param>
            <param index="2">
              <value>
                <![CDATA[12345]]>
              </value>
            </param>
          </params>
        </test-method> <!-- f2 -->
        <test-method status="PASS" signature="springTestContextBeforeTestMethod(java.lang.reflect.Method)[pri:0, instance:play_and_learn.TestAccount@d4342c2]" name="springTestContextBeforeTestMethod" is-config="true" duration-ms="0" started-at="2017-05-20T15:23:58Z" finished-at="2017-05-20T15:23:58Z">
          <params>
            <param index="0">
              <value>
                <![CDATA[public void play_and_learn.TestAccount.f2(boolean,java.lang.String,java.lang.String)]]>
              </value>
            </param>
          </params>
        </test-method> <!-- springTestContextBeforeTestMethod -->
        <test-method status="PASS" signature="springTestContextAfterTestMethod(java.lang.reflect.Method)[pri:0, instance:play_and_learn.TestAccount@d4342c2]" name="springTestContextAfterTestMethod" is-config="true" duration-ms="0" started-at="2017-05-20T15:23:58Z" finished-at="2017-05-20T15:23:58Z">
          <params>
            <param index="0">
              <value>
                <![CDATA[public void play_and_learn.TestAccount.f2(boolean,java.lang.String,java.lang.String)]]>
              </value>
            </param>
          </params>
        </test-method> <!-- springTestContextAfterTestMethod -->
        <test-method status="PASS" signature="springTestContextBeforeTestMethod(java.lang.reflect.Method)[pri:0, instance:play_and_learn.TestAccount@d4342c2]" name="springTestContextBeforeTestMethod" is-config="true" duration-ms="1" started-at="2017-05-20T15:23:58Z" finished-at="2017-05-20T15:23:58Z">
          <params>
            <param index="0">
              <value>
                <![CDATA[public void play_and_learn.TestAccount.f2(boolean,java.lang.String,java.lang.String)]]>
              </value>
            </param>
          </params>
        </test-method> <!-- springTestContextBeforeTestMethod -->
        <test-method status="PASS" signature="f2(boolean, java.lang.String, java.lang.String)[pri:0, instance:play_and_learn.TestAccount@d4342c2]" name="f2" duration-ms="16" started-at="2017-05-20T15:23:58Z" finished-at="2017-05-20T15:23:58Z">
          <params>
            <param index="0">
              <value>
                <![CDATA[true]]>
              </value>
            </param>
            <param index="1">
              <value>
                <![CDATA[marko]]>
              </value>
            </param>
            <param index="2">
              <value>
                <![CDATA[23443]]>
              </value>
            </param>
          </params>
        </test-method> <!-- f2 -->
        <test-method status="PASS" signature="springTestContextAfterTestMethod(java.lang.reflect.Method)[pri:0, instance:play_and_learn.TestAccount@d4342c2]" name="springTestContextAfterTestMethod" is-config="true" duration-ms="1" started-at="2017-05-20T15:23:58Z" finished-at="2017-05-20T15:23:58Z">
          <params>
            <param index="0">
              <value>
                <![CDATA[public void play_and_learn.TestAccount.f2(boolean,java.lang.String,java.lang.String)]]>
              </value>
            </param>
          </params>
        </test-method> <!-- springTestContextAfterTestMethod -->
        <test-method status="PASS" signature="f2(boolean, java.lang.String, java.lang.String)[pri:0, instance:play_and_learn.TestAccount@d4342c2]" name="f2" duration-ms="12" started-at="2017-05-20T15:23:58Z" finished-at="2017-05-20T15:23:58Z">
          <params>
            <param index="0">
              <value>
                <![CDATA[false]]>
              </value>
            </param>
            <param index="1">
              <value>
                <![CDATA[henry]]>
              </value>
            </param>
            <param index="2">
              <value>
                <![CDATA[146]]>
              </value>
            </param>
          </params>
        </test-method> <!-- f2 -->
        <test-method status="PASS" signature="springTestContextBeforeTestMethod(java.lang.reflect.Method)[pri:0, instance:play_and_learn.TestAccount@d4342c2]" name="springTestContextBeforeTestMethod" is-config="true" duration-ms="0" started-at="2017-05-20T15:23:58Z" finished-at="2017-05-20T15:23:58Z">
          <params>
            <param index="0">
              <value>
                <![CDATA[public void play_and_learn.TestAccount.f2(boolean,java.lang.String,java.lang.String)]]>
              </value>
            </param>
          </params>
        </test-method> <!-- springTestContextBeforeTestMethod -->
        <test-method status="PASS" signature="springTestContextAfterTestMethod(java.lang.reflect.Method)[pri:0, instance:play_and_learn.TestAccount@d4342c2]" name="springTestContextAfterTestMethod" is-config="true" duration-ms="0" started-at="2017-05-20T15:23:58Z" finished-at="2017-05-20T15:23:58Z">
          <params>
            <param index="0">
              <value>
                <![CDATA[public void play_and_learn.TestAccount.f2(boolean,java.lang.String,java.lang.String)]]>
              </value>
            </param>
          </params>
        </test-method> <!-- springTestContextAfterTestMethod -->
        <test-method status="PASS" signature="f2(boolean, java.lang.String, java.lang.String)[pri:0, instance:play_and_learn.TestAccount@d4342c2]" name="f2" duration-ms="20" started-at="2017-05-20T15:23:58Z" finished-at="2017-05-20T15:23:58Z">
          <params>
            <param index="0">
              <value>
                <![CDATA[false]]>
              </value>
            </param>
            <param index="1">
              <value>
                <![CDATA[polo]]>
              </value>
            </param>
            <param index="2">
              <value>
                <![CDATA[XxX]]>
              </value>
            </param>
          </params>
        </test-method> <!-- f2 -->
        <test-method status="PASS" signature="springTestContextBeforeTestMethod(java.lang.reflect.Method)[pri:0, instance:play_and_learn.TestAccount@d4342c2]" name="springTestContextBeforeTestMethod" is-config="true" duration-ms="0" started-at="2017-05-20T15:23:58Z" finished-at="2017-05-20T15:23:58Z">
          <params>
            <param index="0">
              <value>
                <![CDATA[public void play_and_learn.TestAccount.f2(boolean,java.lang.String,java.lang.String)]]>
              </value>
            </param>
          </params>
        </test-method> <!-- springTestContextBeforeTestMethod -->
        <test-method status="PASS" signature="springTestContextAfterTestMethod(java.lang.reflect.Method)[pri:0, instance:play_and_learn.TestAccount@d4342c2]" name="springTestContextAfterTestMethod" is-config="true" duration-ms="4" started-at="2017-05-20T15:23:58Z" finished-at="2017-05-20T15:23:58Z">
          <params>
            <param index="0">
              <value>
                <![CDATA[public void play_and_learn.TestAccount.f2(boolean,java.lang.String,java.lang.String)]]>
              </value>
            </param>
          </params>
        </test-method> <!-- springTestContextAfterTestMethod -->
        <test-method status="PASS" signature="springTestContextBeforeTestMethod(java.lang.reflect.Method)[pri:0, instance:play_and_learn.TestAccount@d4342c2]" name="springTestContextBeforeTestMethod" is-config="true" duration-ms="2" started-at="2017-05-20T15:23:58Z" finished-at="2017-05-20T15:23:58Z">
          <params>
            <param index="0">
              <value>
                <![CDATA[public void play_and_learn.TestAccount.f2(boolean,java.lang.String,java.lang.String)]]>
              </value>
            </param>
          </params>
        </test-method> <!-- springTestContextBeforeTestMethod -->
        <test-method status="PASS" signature="f2(boolean, java.lang.String, java.lang.String)[pri:0, instance:play_and_learn.TestAccount@d4342c2]" name="f2" duration-ms="4" started-at="2017-05-20T15:23:58Z" finished-at="2017-05-20T15:23:58Z">
          <params>
            <param index="0">
              <value>
                <![CDATA[true]]>
              </value>
            </param>
            <param index="1">
              <value>
                <![CDATA[henry]]>
              </value>
            </param>
            <param index="2">
              <value>
                <![CDATA[146fg]]>
              </value>
            </param>
          </params>
        </test-method> <!-- f2 -->
        <test-method status="PASS" signature="springTestContextAfterTestMethod(java.lang.reflect.Method)[pri:0, instance:play_and_learn.TestAccount@d4342c2]" name="springTestContextAfterTestMethod" is-config="true" duration-ms="0" started-at="2017-05-20T15:23:58Z" finished-at="2017-05-20T15:23:58Z">
          <params>
            <param index="0">
              <value>
                <![CDATA[public void play_and_learn.TestAccount.f2(boolean,java.lang.String,java.lang.String)]]>
              </value>
            </param>
          </params>
        </test-method> <!-- springTestContextAfterTestMethod -->
        <test-method status="PASS" signature="springTestContextBeforeTestMethod(java.lang.reflect.Method)[pri:0, instance:play_and_learn.TestAccount@d4342c2]" name="springTestContextBeforeTestMethod" is-config="true" duration-ms="1" started-at="2017-05-20T15:23:58Z" finished-at="2017-05-20T15:23:58Z">
          <params>
            <param index="0">
              <value>
                <![CDATA[public void play_and_learn.TestAccount.f2(boolean,java.lang.String,java.lang.String)]]>
              </value>
            </param>
          </params>
        </test-method> <!-- springTestContextBeforeTestMethod -->
        <test-method status="PASS" signature="f2(boolean, java.lang.String, java.lang.String)[pri:0, instance:play_and_learn.TestAccount@d4342c2]" name="f2" duration-ms="3" started-at="2017-05-20T15:23:58Z" finished-at="2017-05-20T15:23:58Z">
          <params>
            <param index="0">
              <value>
                <![CDATA[false]]>
              </value>
            </param>
            <param index="1">
              <value>
                <![CDATA[lolo]]>
              </value>
            </param>
            <param index="2">
              <value>
                <![CDATA[XxX]]>
              </value>
            </param>
          </params>
        </test-method> <!-- f2 -->
        <test-method status="PASS" signature="springTestContextAfterTestClass()[pri:0, instance:play_and_learn.TestAccount@d4342c2]" name="springTestContextAfterTestClass" is-config="true" duration-ms="361" started-at="2017-05-20T15:23:58Z" finished-at="2017-05-20T15:23:59Z">
        </test-method> <!-- springTestContextAfterTestClass -->
        <test-method status="PASS" signature="springTestContextAfterTestMethod(java.lang.reflect.Method)[pri:0, instance:play_and_learn.TestAccount@d4342c2]" name="springTestContextAfterTestMethod" is-config="true" duration-ms="0" started-at="2017-05-20T15:23:58Z" finished-at="2017-05-20T15:23:58Z">
          <params>
            <param index="0">
              <value>
                <![CDATA[public void play_and_learn.TestAccount.f2(boolean,java.lang.String,java.lang.String)]]>
              </value>
            </param>
          </params>
        </test-method> <!-- springTestContextAfterTestMethod -->
      </class> <!-- play_and_learn.TestAccount -->
    </test> <!-- Default test -->
  </suite> <!-- Default suite -->
</testng-results>
