<?xml version="1.0" encoding="UTF-8"?>
<testng-results skipped="0" failed="0" total="8" passed="8">
  <reporter-output>
  </reporter-output>
  <suite name="Default suite" duration-ms="10848" started-at="2017-04-30T17:54:04Z" finished-at="2017-04-30T17:54:15Z">
    <groups>
    </groups>
    <test name="Default test" duration-ms="10848" started-at="2017-04-30T17:54:04Z" finished-at="2017-04-30T17:54:15Z">
      <class name="play_and_learn.Testcourse">
        <test-method status="PASS" signature="springTestContextBeforeTestClass()[pri:0, instance:play_and_learn.Testcourse@d4342c2]" name="springTestContextBeforeTestClass" is-config="true" duration-ms="12" started-at="2017-04-30T17:54:04Z" finished-at="2017-04-30T17:54:04Z">
        </test-method> <!-- springTestContextBeforeTestClass -->
        <test-method status="PASS" signature="springTestContextPrepareTestInstance()[pri:0, instance:play_and_learn.Testcourse@d4342c2]" name="springTestContextPrepareTestInstance" is-config="true" duration-ms="9919" started-at="2017-04-30T17:54:04Z" depends-on-methods="org.springframework.test.context.testng.AbstractTestNGSpringContextTests.springTestContextBeforeTestClass" finished-at="2017-04-30T17:54:14Z">
        </test-method> <!-- springTestContextPrepareTestInstance -->
        <test-method status="PASS" signature="springTestContextBeforeTestMethod(java.lang.reflect.Method)[pri:0, instance:play_and_learn.Testcourse@d4342c2]" name="springTestContextBeforeTestMethod" is-config="true" duration-ms="1" started-at="2017-04-30T17:54:14Z" finished-at="2017-04-30T17:54:14Z">
          <params>
            <param index="0">
              <value>
                <![CDATA[public void play_and_learn.Testcourse.f(java.lang.String,java.lang.String)]]>
              </value>
            </param>
          </params>
        </test-method> <!-- springTestContextBeforeTestMethod -->
        <test-method status="PASS" signature="f(java.lang.String, java.lang.String)[pri:0, instance:play_and_learn.Testcourse@d4342c2]" name="f" duration-ms="372" started-at="2017-04-30T17:54:14Z" finished-at="2017-04-30T17:54:15Z">
          <params>
            <param index="0">
              <value>
                <![CDATA[math]]>
              </value>
            </param>
            <param index="1">
              <value>
                <![CDATA[math course]]>
              </value>
            </param>
          </params>
        </test-method> <!-- f -->
        <test-method status="PASS" signature="springTestContextAfterTestMethod(java.lang.reflect.Method)[pri:0, instance:play_and_learn.Testcourse@d4342c2]" name="springTestContextAfterTestMethod" is-config="true" duration-ms="0" started-at="2017-04-30T17:54:15Z" finished-at="2017-04-30T17:54:15Z">
          <params>
            <param index="0">
              <value>
                <![CDATA[public void play_and_learn.Testcourse.f(java.lang.String,java.lang.String)]]>
              </value>
            </param>
          </params>
        </test-method> <!-- springTestContextAfterTestMethod -->
        <test-method status="PASS" signature="springTestContextBeforeTestMethod(java.lang.reflect.Method)[pri:0, instance:play_and_learn.Testcourse@d4342c2]" name="springTestContextBeforeTestMethod" is-config="true" duration-ms="2" started-at="2017-04-30T17:54:15Z" finished-at="2017-04-30T17:54:15Z">
          <params>
            <param index="0">
              <value>
                <![CDATA[public void play_and_learn.Testcourse.f(java.lang.String,java.lang.String)]]>
              </value>
            </param>
          </params>
        </test-method> <!-- springTestContextBeforeTestMethod -->
        <test-method status="PASS" signature="f(java.lang.String, java.lang.String)[pri:0, instance:play_and_learn.Testcourse@d4342c2]" name="f" duration-ms="35" started-at="2017-04-30T17:54:15Z" finished-at="2017-04-30T17:54:15Z">
          <params>
            <param index="0">
              <value>
                <![CDATA[zzzz]]>
              </value>
            </param>
            <param index="1">
              <value>
                <![CDATA[hahaha]]>
              </value>
            </param>
          </params>
        </test-method> <!-- f -->
        <test-method status="PASS" signature="springTestContextAfterTestMethod(java.lang.reflect.Method)[pri:0, instance:play_and_learn.Testcourse@d4342c2]" name="springTestContextAfterTestMethod" is-config="true" duration-ms="0" started-at="2017-04-30T17:54:15Z" finished-at="2017-04-30T17:54:15Z">
          <params>
            <param index="0">
              <value>
                <![CDATA[public void play_and_learn.Testcourse.f(java.lang.String,java.lang.String)]]>
              </value>
            </param>
          </params>
        </test-method> <!-- springTestContextAfterTestMethod -->
        <test-method status="PASS" signature="springTestContextBeforeTestMethod(java.lang.reflect.Method)[pri:0, instance:play_and_learn.Testcourse@d4342c2]" name="springTestContextBeforeTestMethod" is-config="true" duration-ms="0" started-at="2017-04-30T17:54:15Z" finished-at="2017-04-30T17:54:15Z">
          <params>
            <param index="0">
              <value>
                <![CDATA[public void play_and_learn.Testcourse.f(java.lang.String,java.lang.String)]]>
              </value>
            </param>
          </params>
        </test-method> <!-- springTestContextBeforeTestMethod -->
        <test-method status="PASS" signature="f(java.lang.String, java.lang.String)[pri:0, instance:play_and_learn.Testcourse@d4342c2]" name="f" duration-ms="31" started-at="2017-04-30T17:54:15Z" finished-at="2017-04-30T17:54:15Z">
          <params>
            <param index="0">
              <value>
                <![CDATA[prolog]]>
              </value>
            </param>
            <param index="1">
              <value>
                <![CDATA[I hate you language]]>
              </value>
            </param>
          </params>
        </test-method> <!-- f -->
        <test-method status="PASS" signature="springTestContextAfterTestMethod(java.lang.reflect.Method)[pri:0, instance:play_and_learn.Testcourse@d4342c2]" name="springTestContextAfterTestMethod" is-config="true" duration-ms="10" started-at="2017-04-30T17:54:15Z" finished-at="2017-04-30T17:54:15Z">
          <params>
            <param index="0">
              <value>
                <![CDATA[public void play_and_learn.Testcourse.f(java.lang.String,java.lang.String)]]>
              </value>
            </param>
          </params>
        </test-method> <!-- springTestContextAfterTestMethod -->
        <test-method status="PASS" signature="springTestContextBeforeTestMethod(java.lang.reflect.Method)[pri:0, instance:play_and_learn.Testcourse@d4342c2]" name="springTestContextBeforeTestMethod" is-config="true" duration-ms="1" started-at="2017-04-30T17:54:15Z" finished-at="2017-04-30T17:54:15Z">
          <params>
            <param index="0">
              <value>
                <![CDATA[public void play_and_learn.Testcourse.f(java.lang.String,java.lang.String)]]>
              </value>
            </param>
          </params>
        </test-method> <!-- springTestContextBeforeTestMethod -->
        <test-method status="PASS" signature="f(java.lang.String, java.lang.String)[pri:0, instance:play_and_learn.Testcourse@d4342c2]" name="f" duration-ms="23" started-at="2017-04-30T17:54:15Z" finished-at="2017-04-30T17:54:15Z">
          <params>
            <param index="0">
              <value>
                <![CDATA[c++]]>
              </value>
            </param>
            <param index="1">
              <value>
                <![CDATA[ohhhh]]>
              </value>
            </param>
          </params>
        </test-method> <!-- f -->
        <test-method status="PASS" signature="springTestContextAfterTestMethod(java.lang.reflect.Method)[pri:0, instance:play_and_learn.Testcourse@d4342c2]" name="springTestContextAfterTestMethod" is-config="true" duration-ms="1" started-at="2017-04-30T17:54:15Z" finished-at="2017-04-30T17:54:15Z">
          <params>
            <param index="0">
              <value>
                <![CDATA[public void play_and_learn.Testcourse.f(java.lang.String,java.lang.String)]]>
              </value>
            </param>
          </params>
        </test-method> <!-- springTestContextAfterTestMethod -->
        <test-method status="PASS" signature="f1(java.lang.String, java.lang.String)[pri:0, instance:play_and_learn.Testcourse@d4342c2]" name="f1" duration-ms="61" started-at="2017-04-30T17:54:15Z" finished-at="2017-04-30T17:54:15Z">
          <params>
            <param index="0">
              <value>
                <![CDATA[matlab]]>
              </value>
            </param>
            <param index="1">
              <value>
                <![CDATA[matlab course]]>
              </value>
            </param>
          </params>
        </test-method> <!-- f1 -->
        <test-method status="PASS" signature="springTestContextBeforeTestMethod(java.lang.reflect.Method)[pri:0, instance:play_and_learn.Testcourse@d4342c2]" name="springTestContextBeforeTestMethod" is-config="true" duration-ms="0" started-at="2017-04-30T17:54:15Z" finished-at="2017-04-30T17:54:15Z">
          <params>
            <param index="0">
              <value>
                <![CDATA[public void play_and_learn.Testcourse.f1(java.lang.String,java.lang.String)]]>
              </value>
            </param>
          </params>
        </test-method> <!-- springTestContextBeforeTestMethod -->
        <test-method status="PASS" signature="springTestContextAfterTestMethod(java.lang.reflect.Method)[pri:0, instance:play_and_learn.Testcourse@d4342c2]" name="springTestContextAfterTestMethod" is-config="true" duration-ms="1" started-at="2017-04-30T17:54:15Z" finished-at="2017-04-30T17:54:15Z">
          <params>
            <param index="0">
              <value>
                <![CDATA[public void play_and_learn.Testcourse.f1(java.lang.String,java.lang.String)]]>
              </value>
            </param>
          </params>
        </test-method> <!-- springTestContextAfterTestMethod -->
        <test-method status="PASS" signature="f1(java.lang.String, java.lang.String)[pri:0, instance:play_and_learn.Testcourse@d4342c2]" name="f1" duration-ms="19" started-at="2017-04-30T17:54:15Z" finished-at="2017-04-30T17:54:15Z">
          <params>
            <param index="0">
              <value>
                <![CDATA[aaaa]]>
              </value>
            </param>
            <param index="1">
              <value>
                <![CDATA[hahaha]]>
              </value>
            </param>
          </params>
        </test-method> <!-- f1 -->
        <test-method status="PASS" signature="springTestContextBeforeTestMethod(java.lang.reflect.Method)[pri:0, instance:play_and_learn.Testcourse@d4342c2]" name="springTestContextBeforeTestMethod" is-config="true" duration-ms="0" started-at="2017-04-30T17:54:15Z" finished-at="2017-04-30T17:54:15Z">
          <params>
            <param index="0">
              <value>
                <![CDATA[public void play_and_learn.Testcourse.f1(java.lang.String,java.lang.String)]]>
              </value>
            </param>
          </params>
        </test-method> <!-- springTestContextBeforeTestMethod -->
        <test-method status="PASS" signature="springTestContextAfterTestMethod(java.lang.reflect.Method)[pri:0, instance:play_and_learn.Testcourse@d4342c2]" name="springTestContextAfterTestMethod" is-config="true" duration-ms="1" started-at="2017-04-30T17:54:15Z" finished-at="2017-04-30T17:54:15Z">
          <params>
            <param index="0">
              <value>
                <![CDATA[public void play_and_learn.Testcourse.f1(java.lang.String,java.lang.String)]]>
              </value>
            </param>
          </params>
        </test-method> <!-- springTestContextAfterTestMethod -->
        <test-method status="PASS" signature="f1(java.lang.String, java.lang.String)[pri:0, instance:play_and_learn.Testcourse@d4342c2]" name="f1" duration-ms="13" started-at="2017-04-30T17:54:15Z" finished-at="2017-04-30T17:54:15Z">
          <params>
            <param index="0">
              <value>
                <![CDATA[lisp]]>
              </value>
            </param>
            <param index="1">
              <value>
                <![CDATA[I hate you language]]>
              </value>
            </param>
          </params>
        </test-method> <!-- f1 -->
        <test-method status="PASS" signature="springTestContextBeforeTestMethod(java.lang.reflect.Method)[pri:0, instance:play_and_learn.Testcourse@d4342c2]" name="springTestContextBeforeTestMethod" is-config="true" duration-ms="0" started-at="2017-04-30T17:54:15Z" finished-at="2017-04-30T17:54:15Z">
          <params>
            <param index="0">
              <value>
                <![CDATA[public void play_and_learn.Testcourse.f1(java.lang.String,java.lang.String)]]>
              </value>
            </param>
          </params>
        </test-method> <!-- springTestContextBeforeTestMethod -->
        <test-method status="PASS" signature="springTestContextAfterTestMethod(java.lang.reflect.Method)[pri:0, instance:play_and_learn.Testcourse@d4342c2]" name="springTestContextAfterTestMethod" is-config="true" duration-ms="7" started-at="2017-04-30T17:54:15Z" finished-at="2017-04-30T17:54:15Z">
          <params>
            <param index="0">
              <value>
                <![CDATA[public void play_and_learn.Testcourse.f1(java.lang.String,java.lang.String)]]>
              </value>
            </param>
          </params>
        </test-method> <!-- springTestContextAfterTestMethod -->
        <test-method status="PASS" signature="springTestContextBeforeTestMethod(java.lang.reflect.Method)[pri:0, instance:play_and_learn.Testcourse@d4342c2]" name="springTestContextBeforeTestMethod" is-config="true" duration-ms="0" started-at="2017-04-30T17:54:15Z" finished-at="2017-04-30T17:54:15Z">
          <params>
            <param index="0">
              <value>
                <![CDATA[public void play_and_learn.Testcourse.f1(java.lang.String,java.lang.String)]]>
              </value>
            </param>
          </params>
        </test-method> <!-- springTestContextBeforeTestMethod -->
        <test-method status="PASS" signature="f1(java.lang.String, java.lang.String)[pri:0, instance:play_and_learn.Testcourse@d4342c2]" name="f1" duration-ms="27" started-at="2017-04-30T17:54:15Z" finished-at="2017-04-30T17:54:15Z">
          <params>
            <param index="0">
              <value>
                <![CDATA[c]]>
              </value>
            </param>
            <param index="1">
              <value>
                <![CDATA[ohhhh]]>
              </value>
            </param>
          </params>
        </test-method> <!-- f1 -->
        <test-method status="PASS" signature="springTestContextAfterTestMethod(java.lang.reflect.Method)[pri:0, instance:play_and_learn.Testcourse@d4342c2]" name="springTestContextAfterTestMethod" is-config="true" duration-ms="1" started-at="2017-04-30T17:54:15Z" finished-at="2017-04-30T17:54:15Z">
          <params>
            <param index="0">
              <value>
                <![CDATA[public void play_and_learn.Testcourse.f1(java.lang.String,java.lang.String)]]>
              </value>
            </param>
          </params>
        </test-method> <!-- springTestContextAfterTestMethod -->
        <test-method status="PASS" signature="springTestContextAfterTestClass()[pri:0, instance:play_and_learn.Testcourse@d4342c2]" name="springTestContextAfterTestClass" is-config="true" duration-ms="273" started-at="2017-04-30T17:54:15Z" finished-at="2017-04-30T17:54:15Z">
        </test-method> <!-- springTestContextAfterTestClass -->
      </class> <!-- play_and_learn.Testcourse -->
    </test> <!-- Default test -->
  </suite> <!-- Default suite -->
</testng-results>
