<?xml version="1.0" encoding="UTF-8"?>
<!-- Generated by org.testng.reporters.JUnitXMLReporter -->
<testsuite hostname="DESKTOP-NTJ7M69" ignored="0" name="Default test" tests="12" failures="0" timestamp="11 Mar 2017 16:46:37 GMT" time="0.064" errors="0">
  <testcase name="SaveCheckGameTest" time="0.008" classname="test.gameTest"/>
  <testcase name="SaveCheckGameTest" time="0.001" classname="test.gameTest"/>
  <testcase name="SaveCheckGameTest" time="0.0" classname="test.gameTest"/>
  <testcase name="SaveCheckGameTest" time="0.002" classname="test.gameTest"/>
  <testcase name="SaveCheckGameTest" time="0.001" classname="test.gameTest"/>
  <testcase name="SaveCheckGameTest" time="0.001" classname="test.gameTest"/>
  <testcase name="SaveMCQGameTest" time="0.001" classname="test.gameTest"/>
  <testcase name="SaveMCQGameTest" time="0.001" classname="test.gameTest"/>
  <testcase name="SaveMCQGameTest" time="0.001" classname="test.gameTest"/>
  <testcase name="SaveMCQGameTest" time="0.001" classname="test.gameTest"/>
  <testcase name="SaveMCQGameTest" time="0.001" classname="test.gameTest"/>
  <testcase name="SaveMCQGameTest" time="0.002" classname="test.gameTest"/>
</testsuite> <!-- Default test -->
